<?xml version="1.0" encoding="UTF-8"?>
<!-- Generated by org.testng.reporters.JUnitXMLReporter -->
<testsuite ignored="0" hostname="DESKTOP-96UAH58" failures="1" tests="3" name="Test" time="92.365" errors="0" timestamp="16 Sept 2024 15:51:47 GMT">
  <testcase classname="Testcases.TC_01_LoginTest" name="Login" time="39.243"/>
  <testcase classname="Testcases.TC_01_LoginTest" name="ProjectEnrollment" time="1.165">
    <failure type="org.openqa.selenium.ElementClickInterceptedException" message="element click intercepted: Element &amp;lt;div class=&amp;quot;my-auto text-sm hover:text-coolGray-600 cursor-pointer select-none pointer-events-none&amp;quot; data-v-65f63b0a=&amp;quot;&amp;quot;&amp;gt;...&amp;lt;/div&amp;gt; is not clickable at point (304, 31). Other element would receive the click: &amp;lt;li data-id=&amp;quot;top-nav-menu-item&amp;quot; class=&amp;quot;cursor-default text-coolGray-700 hover:bg-coolGray-50 hover:text-coolGray-600 hover:font-bold hover:border-l hover:border-r hover:border-coolGray-100 transition-colors h-full w-full px-6 relative flex justify-center&amp;quot; data-v-65f63b0a=&amp;quot;&amp;quot;&amp;gt;...&amp;lt;/li&amp;gt;
  (Session info: chrome=128.0.6613.138)
Build info: version: &amp;apos;4.11.0&amp;apos;, revision: &amp;apos;040bc5406b&amp;apos;
System info: os.name: &amp;apos;Windows 11&amp;apos;, os.arch: &amp;apos;amd64&amp;apos;, os.version: &amp;apos;10.0&amp;apos;, java.version: &amp;apos;21.0.3&amp;apos;
Driver info: org.openqa.selenium.chrome.ChromeDriver
Command: [938f8b1cc929913a6d7ebaae53e03ee1, clickElement {id=f.9ABC6CEA0FB36F11B902E9BA3C22544A.d.782A4F485E3BE22178DC1EBB1E23954C.e.27}]
Capabilities {acceptInsecureCerts: false, browserName: chrome, browserVersion: 128.0.6613.138, chrome: {chromedriverVersion: 128.0.6613.137 (fe621c5aa2d..., userDataDir: C:\Users\Hi\AppData\Local\T...}, fedcm:accounts: true, goog:chromeOptions: {debuggerAddress: localhost:50571}, networkConnectionEnabled: false, pageLoadStrategy: normal, platformName: windows, proxy: Proxy(), se:cdp: ws://localhost:50571/devtoo..., se:cdpVersion: 128.0.6613.138, setWindowRect: true, strictFileInteractability: false, timeouts: {implicit: 0, pageLoad: 300000, script: 30000}, unhandledPromptBehavior: dismiss and notify, webauthn:extension:credBlob: true, webauthn:extension:largeBlob: true, webauthn:extension:minPinLength: true, webauthn:extension:prf: true, webauthn:virtualAuthenticators: true}
Element: [[ChromeDriver: chrome on windows (938f8b1cc929913a6d7ebaae53e03ee1)] -&amp;gt; xpath: //div[contains(text(),&amp;quot;Projects&amp;quot;)]]
Session ID: 938f8b1cc929913a6d7ebaae53e03ee1">
      <![CDATA[org.openqa.selenium.ElementClickInterceptedException: element click intercepted: Element <div class="my-auto text-sm hover:text-coolGray-600 cursor-pointer select-none pointer-events-none" data-v-65f63b0a="">...</div> is not clickable at point (304, 31). Other element would receive the click: <li data-id="top-nav-menu-item" class="cursor-default text-coolGray-700 hover:bg-coolGray-50 hover:text-coolGray-600 hover:font-bold hover:border-l hover:border-r hover:border-coolGray-100 transition-colors h-full w-full px-6 relative flex justify-center" data-v-65f63b0a="">...</li>
  (Session info: chrome=128.0.6613.138)
Build info: version: '4.11.0', revision: '040bc5406b'
System info: os.name: 'Windows 11', os.arch: 'amd64', os.version: '10.0', java.version: '21.0.3'
Driver info: org.openqa.selenium.chrome.ChromeDriver
Command: [938f8b1cc929913a6d7ebaae53e03ee1, clickElement {id=f.9ABC6CEA0FB36F11B902E9BA3C22544A.d.782A4F485E3BE22178DC1EBB1E23954C.e.27}]
Capabilities {acceptInsecureCerts: false, browserName: chrome, browserVersion: 128.0.6613.138, chrome: {chromedriverVersion: 128.0.6613.137 (fe621c5aa2d..., userDataDir: C:\Users\Hi\AppData\Local\T...}, fedcm:accounts: true, goog:chromeOptions: {debuggerAddress: localhost:50571}, networkConnectionEnabled: false, pageLoadStrategy: normal, platformName: windows, proxy: Proxy(), se:cdp: ws://localhost:50571/devtoo..., se:cdpVersion: 128.0.6613.138, setWindowRect: true, strictFileInteractability: false, timeouts: {implicit: 0, pageLoad: 300000, script: 30000}, unhandledPromptBehavior: dismiss and notify, webauthn:extension:credBlob: true, webauthn:extension:largeBlob: true, webauthn:extension:minPinLength: true, webauthn:extension:prf: true, webauthn:virtualAuthenticators: true}
Element: [[ChromeDriver: chrome on windows (938f8b1cc929913a6d7ebaae53e03ee1)] -> xpath: //div[contains(text(),"Projects")]]
Session ID: 938f8b1cc929913a6d7ebaae53e03ee1
at org.openqa.selenium.remote.codec.w3c.W3CHttpResponseCodec.createException(W3CHttpResponseCodec.java:200)
at org.openqa.selenium.remote.codec.w3c.W3CHttpResponseCodec.decode(W3CHttpResponseCodec.java:133)
at org.openqa.selenium.remote.codec.w3c.W3CHttpResponseCodec.decode(W3CHttpResponseCodec.java:52)
at org.openqa.selenium.remote.HttpCommandExecutor.execute(HttpCommandExecutor.java:191)
at org.openqa.selenium.remote.service.DriverCommandExecutor.invokeExecute(DriverCommandExecutor.java:196)
at org.openqa.selenium.remote.service.DriverCommandExecutor.execute(DriverCommandExecutor.java:171)
at org.openqa.selenium.remote.RemoteWebDriver.execute(RemoteWebDriver.java:518)
at org.openqa.selenium.remote.RemoteWebElement.execute(RemoteWebElement.java:224)
at org.openqa.selenium.remote.RemoteWebElement.click(RemoteWebElement.java:77)
at Testcases.TC_01_LoginTest.ProjectEnrollment(TC_01_LoginTest.java:39)
... Removed 26 stack frames]]>
    </failure>
  </testcase> <!-- ProjectEnrollment -->
  <testcase classname="Testcases.TC_01_LoginTest" name="logout" time="11.3"/>
</testsuite> <!-- Test -->
